2025-08-31 02:43:42,338 [INFO] Starting Hybrid EMA+Sentiment Trader (safe=False, no_trade=False)
2025-08-31 02:43:43,386 [INFO] [progress] Fetching bars...
2025-08-31 02:43:45,563 [INFO] [progress] Computing indicators...
2025-08-31 02:43:46,679 [INFO] [progress] Fetching sentiment...
2025-08-31 02:43:50,023 [INFO] Signals: cross_up=False cross_down=False trend_up=False sentiment=0.580 price=108601.77
2025-08-31 02:43:50,029 [INFO] [progress] Wrote audit inputs -> runs/2025-08-31_02-43-50/inputs.json
2025-08-31 02:43:50,029 [INFO] No action taken.
2025-08-31 02:43:50,031 [INFO] [progress] Wrote audit decision -> runs/2025-08-31_02-43-50/decision.json
2025-08-31 02:43:51,714 [INFO] [autocommit] attempted with push=True status=0
2025-08-31 02:44:52,571 [INFO] Starting Hybrid EMA+Sentiment Trader (safe=False, no_trade=False)
2025-08-31 02:44:53,732 [INFO] [progress] Fetching bars...
2025-08-31 02:44:55,998 [INFO] [progress] Computing indicators...
2025-08-31 02:44:57,064 [INFO] [progress] Fetching sentiment...
2025-08-31 02:45:00,048 [INFO] Signals: cross_up=False cross_down=False trend_up=False sentiment=0.480 price=108601.77
2025-08-31 02:45:00,053 [INFO] [progress] Wrote audit inputs -> runs/2025-08-31_02-45-00/inputs.json
2025-08-31 02:45:00,053 [INFO] No action taken.
2025-08-31 02:45:00,055 [INFO] [progress] Wrote audit decision -> runs/2025-08-31_02-45-00/decision.json
2025-08-31 02:45:01,596 [INFO] [autocommit] attempted with push=True status=0
2025-08-31 02:46:02,328 [INFO] Starting Hybrid EMA+Sentiment Trader (safe=False, no_trade=False)
2025-08-31 02:46:03,406 [INFO] [progress] Fetching bars...
2025-08-31 02:46:05,866 [INFO] [progress] Computing indicators...
2025-08-31 02:46:07,083 [INFO] [progress] Fetching sentiment...
2025-08-31 02:46:09,859 [INFO] Signals: cross_up=False cross_down=False trend_up=False sentiment=0.520 price=108633.85
2025-08-31 02:46:09,862 [INFO] [progress] Wrote audit inputs -> runs/2025-08-31_02-46-09/inputs.json
2025-08-31 02:46:09,862 [INFO] No action taken.
2025-08-31 02:46:09,863 [INFO] [progress] Wrote audit decision -> runs/2025-08-31_02-46-09/decision.json
2025-08-31 02:46:11,364 [INFO] [autocommit] attempted with push=True status=0
2025-08-31 02:47:12,169 [INFO] Starting Hybrid EMA+Sentiment Trader (safe=False, no_trade=False)
2025-08-31 02:47:13,442 [INFO] [progress] Fetching bars...
2025-08-31 02:47:15,693 [INFO] [progress] Computing indicators...
2025-08-31 02:47:16,925 [INFO] [progress] Fetching sentiment...
2025-08-31 02:47:19,659 [INFO] Signals: cross_up=False cross_down=False trend_up=False sentiment=0.550 price=108633.85
2025-08-31 02:47:19,663 [INFO] [progress] Wrote audit inputs -> runs/2025-08-31_02-47-19/inputs.json
2025-08-31 02:47:19,663 [INFO] No action taken.
2025-08-31 02:47:19,665 [INFO] [progress] Wrote audit decision -> runs/2025-08-31_02-47-19/decision.json
2025-08-31 02:47:21,253 [INFO] [autocommit] attempted with push=True status=0
2025-08-31 02:48:22,043 [INFO] Starting Hybrid EMA+Sentiment Trader (safe=False, no_trade=False)
2025-08-31 02:48:23,229 [INFO] [progress] Fetching bars...
2025-08-31 02:48:25,749 [INFO] [progress] Computing indicators...
2025-08-31 02:48:27,073 [INFO] [progress] Fetching sentiment...
2025-08-31 02:48:29,735 [INFO] Signals: cross_up=False cross_down=False trend_up=False sentiment=0.580 price=108633.85
2025-08-31 02:48:29,738 [INFO] [progress] Wrote audit inputs -> runs/2025-08-31_02-48-29/inputs.json
2025-08-31 02:48:29,738 [INFO] No action taken.
2025-08-31 02:48:31,384 [INFO] [heartbeat] sent run=48 every=12
2025-08-31 02:48:31,388 [INFO] [progress] Wrote audit decision -> runs/2025-08-31_02-48-29/decision.json
2025-08-31 02:48:32,929 [INFO] [autocommit] attempted with push=True status=0
2025-08-31 02:49:33,721 [INFO] Starting Hybrid EMA+Sentiment Trader (safe=False, no_trade=False)
2025-08-31 02:49:34,799 [INFO] [progress] Fetching bars...
2025-08-31 02:49:37,120 [INFO] [progress] Computing indicators...
2025-08-31 02:49:38,278 [INFO] [progress] Fetching sentiment...
2025-08-31 02:49:41,723 [INFO] Signals: cross_up=False cross_down=False trend_up=False sentiment=0.480 price=108633.85
2025-08-31 02:49:41,727 [INFO] [progress] Wrote audit inputs -> runs/2025-08-31_02-49-41/inputs.json
2025-08-31 02:49:41,727 [INFO] No action taken.
2025-08-31 02:49:41,730 [INFO] [progress] Wrote audit decision -> runs/2025-08-31_02-49-41/decision.json
2025-08-31 02:49:43,313 [INFO] [autocommit] attempted with push=True status=0
2025-08-31 02:50:44,153 [INFO] Starting Hybrid EMA+Sentiment Trader (safe=False, no_trade=False)
2025-08-31 02:50:45,207 [INFO] [progress] Fetching bars...
2025-08-31 02:50:47,572 [INFO] [progress] Computing indicators...
2025-08-31 02:50:48,793 [INFO] [progress] Fetching sentiment...
2025-08-31 02:50:51,766 [INFO] Signals: cross_up=False cross_down=False trend_up=False sentiment=0.620 price=108660.40
2025-08-31 02:50:51,769 [INFO] [progress] Wrote audit inputs -> runs/2025-08-31_02-50-51/inputs.json
2025-08-31 02:50:51,769 [INFO] No action taken.
2025-08-31 02:50:51,771 [INFO] [progress] Wrote audit decision -> runs/2025-08-31_02-50-51/decision.json
2025-08-31 02:50:53,207 [INFO] [autocommit] attempted with push=True status=0
2025-08-31 02:51:53,993 [INFO] Starting Hybrid EMA+Sentiment Trader (safe=False, no_trade=False)
2025-08-31 02:51:55,262 [INFO] [progress] Fetching bars...
2025-08-31 02:51:57,539 [INFO] [progress] Computing indicators...
2025-08-31 02:51:58,684 [INFO] [progress] Fetching sentiment...
2025-08-31 02:52:02,112 [INFO] Signals: cross_up=False cross_down=False trend_up=False sentiment=0.480 price=108660.40
2025-08-31 02:52:02,115 [INFO] [progress] Wrote audit inputs -> runs/2025-08-31_02-52-02/inputs.json
2025-08-31 02:52:02,115 [INFO] No action taken.
2025-08-31 02:52:02,118 [INFO] [progress] Wrote audit decision -> runs/2025-08-31_02-52-02/decision.json
2025-08-31 02:52:03,714 [INFO] [autocommit] attempted with push=True status=0
2025-08-31 02:53:04,479 [INFO] Starting Hybrid EMA+Sentiment Trader (safe=False, no_trade=False)
2025-08-31 02:53:05,802 [INFO] [progress] Fetching bars...
2025-08-31 02:53:08,081 [INFO] [progress] Computing indicators...
2025-08-31 02:53:09,183 [INFO] [progress] Fetching sentiment...
2025-08-31 02:53:12,636 [INFO] Signals: cross_up=False cross_down=False trend_up=False sentiment=0.480 price=108601.41
2025-08-31 02:53:12,638 [INFO] [progress] Wrote audit inputs -> runs/2025-08-31_02-53-12/inputs.json
2025-08-31 02:53:12,638 [INFO] No action taken.
2025-08-31 02:53:12,640 [INFO] [progress] Wrote audit decision -> runs/2025-08-31_02-53-12/decision.json
2025-08-31 02:53:14,252 [INFO] [autocommit] attempted with push=True status=0
2025-08-31 02:54:15,028 [INFO] Starting Hybrid EMA+Sentiment Trader (safe=False, no_trade=False)
2025-08-31 02:54:16,153 [INFO] [progress] Fetching bars...
2025-08-31 02:54:18,599 [INFO] [progress] Computing indicators...
2025-08-31 02:54:19,909 [INFO] [progress] Fetching sentiment...
2025-08-31 02:54:24,102 [INFO] Signals: cross_up=False cross_down=False trend_up=False sentiment=0.520 price=108649.17
2025-08-31 02:54:24,103 [INFO] [progress] Wrote audit inputs -> runs/2025-08-31_02-54-24/inputs.json
2025-08-31 02:54:24,103 [INFO] No action taken.
2025-08-31 02:54:24,105 [INFO] [progress] Wrote audit decision -> runs/2025-08-31_02-54-24/decision.json
2025-08-31 02:54:25,643 [INFO] [autocommit] attempted with push=True status=0
2025-08-31 02:55:26,417 [INFO] Starting Hybrid EMA+Sentiment Trader (safe=False, no_trade=False)
2025-08-31 02:55:27,626 [INFO] [progress] Fetching bars...
2025-08-31 02:55:30,078 [INFO] [progress] Computing indicators...
2025-08-31 02:55:31,277 [INFO] [progress] Fetching sentiment...
2025-08-31 02:55:35,104 [INFO] Signals: cross_up=False cross_down=False trend_up=False sentiment=0.550 price=108649.17
2025-08-31 02:55:35,106 [INFO] [progress] Wrote audit inputs -> runs/2025-08-31_02-55-35/inputs.json
2025-08-31 02:55:35,106 [INFO] No action taken.
2025-08-31 02:55:35,108 [INFO] [progress] Wrote audit decision -> runs/2025-08-31_02-55-35/decision.json
2025-08-31 02:55:36,679 [INFO] [autocommit] attempted with push=True status=0
2025-08-31 02:56:37,448 [INFO] Starting Hybrid EMA+Sentiment Trader (safe=False, no_trade=False)
2025-08-31 02:56:38,592 [INFO] [progress] Fetching bars...
2025-08-31 02:56:40,848 [INFO] [progress] Computing indicators...
2025-08-31 02:56:42,073 [INFO] [progress] Fetching sentiment...
2025-08-31 02:56:44,664 [INFO] Signals: cross_up=False cross_down=False trend_up=False sentiment=0.540 price=108649.17
2025-08-31 02:56:44,666 [INFO] [progress] Wrote audit inputs -> runs/2025-08-31_02-56-44/inputs.json
2025-08-31 02:56:44,666 [INFO] No action taken.
2025-08-31 02:56:44,668 [INFO] [progress] Wrote audit decision -> runs/2025-08-31_02-56-44/decision.json
2025-08-31 02:56:46,239 [INFO] [autocommit] attempted with push=True status=0
2025-08-31 02:57:47,059 [INFO] Starting Hybrid EMA+Sentiment Trader (safe=False, no_trade=False)
2025-08-31 02:57:48,114 [INFO] [progress] Fetching bars...
2025-08-31 02:57:51,569 [INFO] [progress] Computing indicators...
2025-08-31 02:57:52,810 [INFO] [progress] Fetching sentiment...
2025-08-31 02:57:56,087 [INFO] Signals: cross_up=False cross_down=False trend_up=False sentiment=0.380 price=108649.17
2025-08-31 02:57:56,088 [INFO] [progress] Wrote audit inputs -> runs/2025-08-31_02-57-56/inputs.json
2025-08-31 02:57:56,088 [INFO] No action taken.
2025-08-31 02:57:56,090 [INFO] [progress] Wrote audit decision -> runs/2025-08-31_02-57-56/decision.json
2025-08-31 02:57:57,569 [INFO] [autocommit] attempted with push=True status=0
2025-08-31 02:58:58,382 [INFO] Starting Hybrid EMA+Sentiment Trader (safe=False, no_trade=False)
2025-08-31 02:58:59,496 [INFO] [progress] Fetching bars...
2025-08-31 02:59:01,771 [INFO] [progress] Computing indicators...
2025-08-31 02:59:02,833 [INFO] [progress] Fetching sentiment...
2025-08-31 02:59:05,327 [INFO] Signals: cross_up=False cross_down=False trend_up=False sentiment=0.580 price=108649.17
2025-08-31 02:59:05,330 [INFO] [progress] Wrote audit inputs -> runs/2025-08-31_02-59-05/inputs.json
2025-08-31 02:59:05,330 [INFO] No action taken.
2025-08-31 02:59:05,332 [INFO] [progress] Wrote audit decision -> runs/2025-08-31_02-59-05/decision.json
2025-08-31 02:59:07,007 [INFO] [autocommit] attempted with push=True status=0
2025-08-31 03:00:07,777 [INFO] Starting Hybrid EMA+Sentiment Trader (safe=False, no_trade=False)
2025-08-31 03:00:09,846 [INFO] [progress] Fetching bars...
2025-08-31 03:00:13,187 [INFO] [progress] Computing indicators...
2025-08-31 03:00:14,453 [INFO] [progress] Fetching sentiment...
2025-08-31 03:00:17,219 [INFO] Signals: cross_up=False cross_down=False trend_up=False sentiment=0.550 price=108649.17
2025-08-31 03:00:17,220 [INFO] [progress] Wrote audit inputs -> runs/2025-08-31_03-00-17/inputs.json
2025-08-31 03:00:17,221 [INFO] No action taken.
2025-08-31 03:00:17,222 [INFO] [progress] Wrote audit decision -> runs/2025-08-31_03-00-17/decision.json
2025-08-31 03:00:18,760 [INFO] [autocommit] attempted with push=True status=0
2025-08-31 03:01:19,521 [INFO] Starting Hybrid EMA+Sentiment Trader (safe=False, no_trade=False)
2025-08-31 03:01:20,807 [INFO] [progress] Fetching bars...
2025-08-31 03:01:22,942 [INFO] [progress] Computing indicators...
2025-08-31 03:01:24,157 [INFO] [progress] Fetching sentiment...
2025-08-31 03:01:27,567 [INFO] Signals: cross_up=False cross_down=False trend_up=False sentiment=0.450 price=108649.17
2025-08-31 03:01:27,568 [INFO] [progress] Wrote audit inputs -> runs/2025-08-31_03-01-27/inputs.json
2025-08-31 03:01:27,568 [INFO] No action taken.
2025-08-31 03:01:27,569 [INFO] [progress] Wrote audit decision -> runs/2025-08-31_03-01-27/decision.json
2025-08-31 03:01:29,131 [INFO] [autocommit] attempted with push=True status=0
2025-08-31 03:02:29,789 [INFO] Starting Hybrid EMA+Sentiment Trader (safe=False, no_trade=False)
2025-08-31 03:02:29,790 [INFO] [run] start run_id=2025-08-31_03-02-29 symbol=BTC/USD
2025-08-31 03:02:31,052 [INFO] [progress] Fetching bars...
2025-08-31 03:02:33,599 [INFO] [progress] Computing indicators...
2025-08-31 03:02:34,752 [INFO] [progress] Fetching sentiment...
2025-08-31 03:02:38,199 [INFO] Signals: cross_up=False cross_down=True trend_up=False sentiment=0.450 price=108600.54
2025-08-31 03:02:38,202 [INFO] [progress] Wrote audit inputs -> runs/2025-08-31_03-02-29/inputs.json
2025-08-31 03:02:39,800 [INFO] [close] submitted market close order: None
2025-08-31 03:02:39,802 [INFO] [progress] Wrote audit decision -> runs/2025-08-31_03-02-29/decision.json
2025-08-31 03:02:41,385 [INFO] [autocommit] attempted with push=True status=0
2025-08-31 03:02:41,385 [INFO] [run] complete run_id=2025-08-31_03-02-29 decision=hold
2025-08-31 03:03:42,145 [INFO] Starting Hybrid EMA+Sentiment Trader (safe=False, no_trade=False)
2025-08-31 03:03:42,151 [INFO] [run] start run_id=2025-08-31_03-03-42 symbol=BTC/USD
2025-08-31 03:03:43,234 [INFO] [progress] Fetching bars...
2025-08-31 03:03:45,611 [INFO] [progress] Computing indicators...
2025-08-31 03:03:46,687 [INFO] [progress] Fetching sentiment...
2025-08-31 03:03:49,666 [INFO] Signals: cross_up=False cross_down=True trend_up=False sentiment=0.450 price=108600.54
2025-08-31 03:03:49,670 [INFO] [progress] Wrote audit inputs -> runs/2025-08-31_03-03-42/inputs.json
2025-08-31 03:03:51,449 [INFO] [close] submitted market close order: None
2025-08-31 03:03:51,454 [INFO] [progress] Wrote audit decision -> runs/2025-08-31_03-03-42/decision.json
2025-08-31 03:03:53,014 [INFO] [autocommit] attempted with push=True status=0
2025-08-31 03:03:53,015 [INFO] [run] complete run_id=2025-08-31_03-03-42 decision=hold
2025-08-31 03:04:53,781 [INFO] Starting Hybrid EMA+Sentiment Trader (safe=False, no_trade=False)
2025-08-31 03:04:53,785 [INFO] [run] start run_id=2025-08-31_03-04-53 symbol=BTC/USD
2025-08-31 03:04:55,027 [INFO] [progress] Fetching bars...
2025-08-31 03:04:57,290 [INFO] [progress] Computing indicators...
2025-08-31 03:04:58,450 [INFO] [progress] Fetching sentiment...
2025-08-31 03:05:02,848 [INFO] Signals: cross_up=False cross_down=True trend_up=False sentiment=0.560 price=108600.54
2025-08-31 03:05:02,852 [INFO] [progress] Wrote audit inputs -> runs/2025-08-31_03-04-53/inputs.json
2025-08-31 03:05:04,617 [INFO] [close] submitted market close order: None
2025-08-31 03:05:04,621 [INFO] [progress] Wrote audit decision -> runs/2025-08-31_03-04-53/decision.json
2025-08-31 03:05:06,145 [INFO] [autocommit] attempted with push=True status=0
2025-08-31 03:05:06,145 [INFO] [run] complete run_id=2025-08-31_03-04-53 decision=hold
