[loop] starting with interval=60s; tf=4h
[trader] candidates[4h]=2
  - BTC/USD buy entry=114167.5451 tp=114979.3563 sl=111848.0847
  - ETH/USD sell entry=4224.8561 tp=4185.2077 sl=4244.6803
[gate] trigger not met for BTC/USD: px=113599.0320 vs entry=114167.5451 tol_bps=10.0
[gate] cooldown active for ETH/USD; skip
[trader] candidates[4h]=2
  - BTC/USD buy entry=114171.5856 tp=114983.4255 sl=111852.0431
  - ETH/USD sell entry=4228.4173 tp=4188.7355 sl=4248.2582
[gate] trigger not met for BTC/USD: px=113599.0320 vs entry=114171.5856 tol_bps=10.0
[gate] cooldown active for ETH/USD; skip
[trader] candidates[4h]=2
  - BTC/USD buy entry=114184.0188 tp=114995.9471 sl=111864.2237
  - ETH/USD sell entry=4226.3809 tp=4186.7182 sl=4246.2122
[gate] trigger not met for BTC/USD: px=113599.0320 vs entry=114184.0188 tol_bps=10.0
[gate] cooldown active for ETH/USD; skip
[trader] candidates[4h]=2
  - BTC/USD buy entry=114189.9690 tp=115001.9396 sl=111870.0530
  - ETH/USD sell entry=4228.5577 tp=4188.8746 sl=4248.3993
[gate] trigger not met for BTC/USD: px=113599.0180 vs entry=114189.9690 tol_bps=10.0
[gate] cooldown active for ETH/USD; skip
[trader] candidates[4h]=2
  - BTC/USD buy entry=114207.2769 tp=115019.3706 sl=111887.0093
  - ETH/USD sell entry=4226.6517 tp=4186.9865 sl=4246.4844
[gate] trigger not met for BTC/USD: px=113597.4000 vs entry=114207.2769 tol_bps=10.0
[gate] cooldown active for ETH/USD; skip
[trader] candidates[4h]=2
  - BTC/USD buy entry=114179.9280 tp=114991.8272 sl=111860.2160
  - ETH/USD sell entry=4225.8492 tp=4186.1915 sl=4245.6781
[gate] trigger not met for BTC/USD: px=113600.9700 vs entry=114179.9280 tol_bps=10.0
[gate] cooldown active for ETH/USD; skip
[trader] candidates[4h]=2
  - BTC/USD buy entry=114242.0937 tp=115054.4350 sl=111921.1188
  - ETH/USD sell entry=4230.7044 tp=4191.0012 sl=4250.5561
[gate] trigger not met for BTC/USD: px=113610.6820 vs entry=114242.0937 tol_bps=10.0
[trade] submit failed: insufficient balance for ETH (requested: 25.186846999, available: 0)
[Discord] Sent part 1/1 with 1 embeds.
[trader] candidates[4h]=2
  - BTC/USD buy entry=114214.1016 tp=115026.2438 sl=111893.6953
  - ETH/USD sell entry=4227.5947 tp=4187.9206 sl=4247.4317
[gate] trigger not met for BTC/USD: px=113610.6820 vs entry=114214.1016 tol_bps=10.0
[trade] submit failed: insufficient balance for ETH (requested: 25.205373903, available: 0)
[Discord] Sent part 1/1 with 1 embeds.
[trader] candidates[4h]=2
  - BTC/USD buy entry=114275.2924 tp=115087.8697 sl=111953.6429
  - ETH/USD sell entry=4230.9050 tp=4191.1999 sl=4250.7576
[gate] trigger not met for BTC/USD: px=113674.0500 vs entry=114275.2924 tol_bps=10.0
[trade] submit failed: insufficient balance for ETH (requested: 25.185652651, available: 0)
[Discord] Sent part 1/1 with 1 embeds.
[trader] candidates[4h]=2
  - BTC/USD buy entry=114344.8657 tp=115157.9378 sl=112021.8028
  - ETH/USD sell entry=4233.1822 tp=4193.4557 sl=4253.0454
[gate] trigger not met for BTC/USD: px=113729.9650 vs entry=114344.8657 tol_bps=10.0
[trade] submit failed: insufficient balance for ETH (requested: 25.172104725, available: 0)
[Discord] Sent part 1/1 with 1 embeds.
[trader] candidates[4h]=2
  - BTC/USD buy entry=114294.0577 tp=115106.7684 sl=111972.0270
  - ETH/USD sell entry=4232.9815 tp=4193.2569 sl=4252.8439
[trader] failed to read account: ('Connection aborted.', ConnectionResetError(54, 'Connection reset by peer'))
[trader] candidates[4h]=2
  - BTC/USD buy entry=114435.5664 tp=115249.2834 sl=112110.6608
  - ETH/USD sell entry=4244.5979 tp=4204.7642 sl=4264.5147
[gate] trigger not met for BTC/USD: px=113885.0355 vs entry=114435.5664 tol_bps=10.0
[trade] submit failed: insufficient balance for ETH (requested: 25.104405154, available: 0)
[Discord] Sent part 1/1 with 1 embeds.
[trader] candidates[4h]=2
  - BTC/USD buy entry=114435.5664 tp=115249.2834 sl=112110.6608
  - ETH/USD sell entry=4244.0863 tp=4204.2574 sl=4264.0007
[gate] trigger not met for BTC/USD: px=113878.9405 vs entry=114435.5664 tol_bps=10.0
[trade] submit failed: insufficient balance for ETH (requested: 25.107431346, available: 0)
[Discord] Sent part 1/1 with 1 embeds.
[trader] candidates[4h]=2
  - BTC/USD buy entry=114422.7312 tp=115236.3569 sl=112098.0864
  - ETH/USD sell entry=4243.0330 tp=4203.2140 sl=4262.9425
[gate] trigger not met for BTC/USD: px=113859.4890 vs entry=114422.7312 tol_bps=10.0
[trade] submit failed: insufficient balance for ETH (requested: 25.113664041, available: 0)
[Discord] Sent part 1/1 with 1 embeds.
[trader] candidates[4h]=2
  - BTC/USD buy entry=114415.2934 tp=115228.8663 sl=112090.7997
  - ETH/USD sell entry=4242.9226 tp=4203.1047 sl=4262.8316
[gate] trigger not met for BTC/USD: px=113824.8040 vs entry=114415.2934 tol_bps=10.0
[trade] submit failed: insufficient balance for ETH (requested: 25.114317169, available: 0)
[Discord] Sent part 1/1 with 1 embeds.
[trader] candidates[4h]=2
  - BTC/USD buy entry=114382.9693 tp=115196.3122 sl=112059.1322
  - ETH/USD sell entry=4240.7659 tp=4200.9682 sl=4260.6647
[gate] trigger not met for BTC/USD: px=113824.8040 vs entry=114382.9693 tol_bps=10.0
[trade] submit failed: insufficient balance for ETH (requested: 25.127089678, available: 0)
[Discord] Sent part 1/1 with 1 embeds.
[trader] candidates[4h]=2
  - BTC/USD buy entry=114416.2784 tp=115229.8583 sl=112091.7647
  - ETH/USD sell entry=4241.5684 tp=4201.7632 sl=4261.4710
[gate] trigger not met for BTC/USD: px=113809.8500 vs entry=114416.2784 tol_bps=10.0
[trade] submit failed: insufficient balance for ETH (requested: 25.122335599, available: 0)
[Discord] Sent part 1/1 with 1 embeds.
[trader] candidates[4h]=2
  - BTC/USD buy entry=114395.9954 tp=115209.4310 sl=112071.8937
  - ETH/USD sell entry=4240.5151 tp=4200.7198 sl=4260.4128
[gate] trigger not met for BTC/USD: px=113842.2350 vs entry=114395.9954 tol_bps=10.0
[trade] submit failed: insufficient balance for ETH (requested: 25.128575697, available: 0)
[Discord] Sent part 1/1 with 1 embeds.
[trader] candidates[4h]=2
  - BTC/USD buy entry=114382.2556 tp=115195.5935 sl=112058.4331
  - ETH/USD sell entry=4240.2242 tp=4200.4316 sl=4260.1205
[gate] trigger not met for BTC/USD: px=113814.2350 vs entry=114382.2556 tol_bps=10.0
[trade] submit failed: insufficient balance for ETH (requested: 25.130299699, available: 0)
[Discord] Sent part 1/1 with 1 embeds.
[trader] candidates[4h]=2
  - BTC/USD buy entry=114415.1125 tp=115228.6840 sl=112090.6224
  - ETH/USD sell entry=4243.3540 tp=4203.5320 sl=4263.2650
[gate] trigger not met for BTC/USD: px=113769.3065 vs entry=114415.1125 tol_bps=10.0
[trade] submit failed: insufficient balance for ETH (requested: 25.111764225, available: 0)
[Discord] Sent part 1/1 with 1 embeds.
[trader] candidates[4h]=2
  - BTC/USD buy entry=114386.5977 tp=115199.9665 sl=112062.6869
  - ETH/USD sell entry=4238.9201 tp=4199.1398 sl=4258.8103
[gate] trigger not met for BTC/USD: px=113820.2300 vs entry=114386.5977 tol_bps=10.0
[trade] submit failed: insufficient balance for ETH (requested: 25.138030891, available: 0)
[Discord] Sent part 1/1 with 1 embeds.
[trader] candidates[4h]=2
  - BTC/USD buy entry=114394.7591 tp=115208.1859 sl=112070.6826
  - ETH/USD sell entry=4240.5853 tp=4200.7893 sl=4260.4833
[gate] trigger not met for BTC/USD: px=113811.2775 vs entry=114394.7591 tol_bps=10.0
[trade] submit failed: insufficient balance for ETH (requested: 25.128159594, available: 0)
[Discord] Sent part 1/1 with 1 embeds.
[trader] candidates[4h]=2
  - BTC/USD buy entry=114426.8823 tp=115240.5375 sl=112102.1531
  - ETH/USD sell entry=4242.9628 tp=4203.1445 sl=4262.8719
[gate] trigger not met for BTC/USD: px=113796.9600 vs entry=114426.8823 tol_bps=10.0
[trade] submit failed: insufficient balance for ETH (requested: 25.114079664, available: 0)
[Discord] Sent part 1/1 with 1 embeds.
[trader] candidates[4h]=2
  - BTC/USD buy entry=114414.2682 tp=115227.8338 sl=112089.7953
  - ETH/USD sell entry=4242.4010 tp=4202.5880 sl=4262.3075
[gate] trigger not met for BTC/USD: px=113791.7600 vs entry=114414.2682 tol_bps=10.0
[trade] submit failed: insufficient balance for ETH (requested: 25.117405144, available: 0)
[Discord] Sent part 1/1 with 1 embeds.
[trader] candidates[4h]=2
[trader] candidates[4h]=2
  - BTC/USD buy entry=114105.5502 tp=114916.9206 sl=111787.3493
  - ETH/USD sell entry=4220.5527 tp=4180.9447 sl=4240.3567
[gate] trigger not met for BTC/USD: px=113514.4670 vs entry=114105.5502 tol_bps=10.0
[gate] cooldown active for ETH/USD; skip
